#
# There is insufficient memory for the Java Runtime Environment to continue.
# Native memory allocation (malloc) failed to allocate 32744 bytes. Error detail: Chunk::new
# Possible reasons:
#   The system is out of physical RAM or swap space
#   This process is running with CompressedOops enabled, and the Java Heap may be blocking the growth of the native heap
# Possible solutions:
#   Reduce memory load on the system
#   Increase physical memory or swap space
#   Check if swap backing store is full
#   Decrease Java heap size (-Xmx/-Xms)
#   Decrease number of Java threads
#   Decrease Java thread stack sizes (-Xss)
#   Set larger code cache with -XX:ReservedCodeCacheSize=
#   JVM is running with Unscaled Compressed Oops mode in which the Java heap is
#     placed in the first 4GB address space. The Java Heap base address is the
#     maximum limit for the native heap growth. Please use -XX:HeapBaseMinAddress
#     to set the Java Heap base and to place the Java Heap above 4GB virtual address.
# This output file may be truncated or incomplete.
#
#  Out of Memory Error (arena.cpp:168), pid=6976, tid=32440
#
# JRE version: OpenJDK Runtime Environment Temurin-21.0.7+6 (21.0.7+6) (build 21.0.7+6-LTS)
# Java VM: OpenJDK 64-Bit Server VM Temurin-21.0.7+6 (21.0.7+6-LTS, mixed mode, sharing, tiered, compressed oops, compressed class ptrs, g1 gc, windows-amd64)
# No core dump will be written. Minidumps are not enabled by default on client versions of Windows
#

---------------  S U M M A R Y ------------

Command Line: -Xmx64m -Xms64m -javaagent:C:\Program Files\Tools\gradle-8.14/lib/agents/gradle-instrumentation-agent-8.14.jar -Dorg.gradle.appname=gradle C:\Program Files\Tools\gradle-8.14\lib\gradle-gradle-cli-main-8.14.jar bootRun

Host: AMD Ryzen 5 4600G with Radeon Graphics, 12 cores, 31G,  Windows 11 , 64 bit Build 26100 (10.0.26100.4202)
Time: Wed Jun  4 07:26:29 2025  Windows 11 , 64 bit Build 26100 (10.0.26100.4202) elapsed time: 11906.180051 seconds (0d 3h 18m 26s)

---------------  T H R E A D  ---------------

Current thread (0x00000166d585bd90):  JavaThread "C2 CompilerThread0" daemon [_thread_in_native, id=32440, stack(0x00000062d8e00000,0x00000062d8f00000) (1024K)]


Current CompileTask:
C2:11906180 2512       4       java.util.concurrent.ScheduledThreadPoolExecutor$DelayedWorkQueue::add (9 bytes)

Stack: [0x00000062d8e00000,0x00000062d8f00000]
Native frames: (J=compiled Java code, j=interpreted, Vv=VM code, C=native code)
V  [jvm.dll+0x6ce119]
V  [jvm.dll+0x8a84a1]
V  [jvm.dll+0x8aa9ce]
V  [jvm.dll+0x8ab0b3]
V  [jvm.dll+0x27f8a6]
V  [jvm.dll+0xc507d]
V  [jvm.dll+0xc55b3]
V  [jvm.dll+0xafffd]
V  [jvm.dll+0x657585]
V  [jvm.dll+0x65723e]
V  [jvm.dll+0x65760f]
V  [jvm.dll+0x65723e]
V  [jvm.dll+0x65ca8d]
V  [jvm.dll+0x65d9c6]
V  [jvm.dll+0x65bd5e]
V  [jvm.dll+0x247975]
V  [jvm.dll+0x2470cf]
V  [jvm.dll+0x1c760e]
V  [jvm.dll+0x25695a]
V  [jvm.dll+0x254efa]
V  [jvm.dll+0x3f03f6]
V  [jvm.dll+0x851f6b]
V  [jvm.dll+0x6cc7dd]
C  [ucrtbase.dll+0x37b0]
C  [KERNEL32.DLL+0x2e8d7]
C  [ntdll.dll+0x3c34c]


---------------  P R O C E S S  ---------------

Threads class SMR info:
_java_thread_list=0x000001671b781350, length=12, elements={
0x00000166baf2d0b0, 0x00000166d5840ab0, 0x00000166d5841700, 0x00000166d584a450,
0x00000166d584d280, 0x00000166d584bf70, 0x00000166d584c9c0, 0x00000166d585bd90,
0x00000166d5863fb0, 0x00000166d5960260, 0x00000166d5a160f0, 0x000001671b73dbf0
}

Java Threads: ( => current thread )
  0x00000166baf2d0b0 JavaThread "main"                              [_thread_in_native, id=2960, stack(0x00000062d8000000,0x00000062d8100000) (1024K)]
  0x00000166d5840ab0 JavaThread "Reference Handler"          daemon [_thread_blocked, id=13940, stack(0x00000062d8800000,0x00000062d8900000) (1024K)]
  0x00000166d5841700 JavaThread "Finalizer"                  daemon [_thread_blocked, id=27688, stack(0x00000062d8900000,0x00000062d8a00000) (1024K)]
  0x00000166d584a450 JavaThread "Signal Dispatcher"          daemon [_thread_blocked, id=16740, stack(0x00000062d8a00000,0x00000062d8b00000) (1024K)]
  0x00000166d584d280 JavaThread "Attach Listener"            daemon [_thread_blocked, id=29128, stack(0x00000062d8b00000,0x00000062d8c00000) (1024K)]
  0x00000166d584bf70 JavaThread "Service Thread"             daemon [_thread_blocked, id=24132, stack(0x00000062d8c00000,0x00000062d8d00000) (1024K)]
  0x00000166d584c9c0 JavaThread "Monitor Deflation Thread"   daemon [_thread_blocked, id=34136, stack(0x00000062d8d00000,0x00000062d8e00000) (1024K)]
=>0x00000166d585bd90 JavaThread "C2 CompilerThread0"         daemon [_thread_in_native, id=32440, stack(0x00000062d8e00000,0x00000062d8f00000) (1024K)]
  0x00000166d5863fb0 JavaThread "C1 CompilerThread0"         daemon [_thread_blocked, id=2600, stack(0x00000062d8f00000,0x00000062d9000000) (1024K)]
  0x00000166d5960260 JavaThread "Common-Cleaner"             daemon [_thread_blocked, id=18872, stack(0x00000062d9000000,0x00000062d9100000) (1024K)]
  0x00000166d5a160f0 JavaThread "Notification Thread"        daemon [_thread_blocked, id=26048, stack(0x00000062d9100000,0x00000062d9200000) (1024K)]
  0x000001671b73dbf0 JavaThread "pool-1-thread-1"                   [_thread_blocked, id=29540, stack(0x00000062d9700000,0x00000062d9800000) (1024K)]
Total: 12

Other Threads:
  0x00000166bafe5c20 VMThread "VM Thread"                           [id=11304, stack(0x00000062d8700000,0x00000062d8800000) (1024K)]
  0x00000166d582cfe0 WatcherThread "VM Periodic Task Thread"        [id=23496, stack(0x00000062d8600000,0x00000062d8700000) (1024K)]
  0x00000166baf49df0 WorkerThread "GC Thread#0"                     [id=28476, stack(0x00000062d8100000,0x00000062d8200000) (1024K)]
  0x000001671b292f60 WorkerThread "GC Thread#1"                     [id=6152, stack(0x00000062d9400000,0x00000062d9500000) (1024K)]
  0x00000166d5b51590 WorkerThread "GC Thread#2"                     [id=30996, stack(0x00000062d9500000,0x00000062d9600000) (1024K)]
  0x000001671b17c030 WorkerThread "GC Thread#3"                     [id=32612, stack(0x00000062d9600000,0x00000062d9700000) (1024K)]
  0x000001671bf25bb0 WorkerThread "GC Thread#4"                     [id=24256, stack(0x00000062d9900000,0x00000062d9a00000) (1024K)]
  0x000001671bc58b10 WorkerThread "GC Thread#5"                     [id=32900, stack(0x00000062d9a00000,0x00000062d9b00000) (1024K)]
  0x000001671bc5cec0 WorkerThread "GC Thread#6"                     [id=28032, stack(0x00000062d9b00000,0x00000062d9c00000) (1024K)]
  0x000001671bc5d670 WorkerThread "GC Thread#7"                     [id=26984, stack(0x00000062d9c00000,0x00000062d9d00000) (1024K)]
  0x00000166d5907060 WorkerThread "GC Thread#8"                     [id=9888, stack(0x00000062d7d00000,0x00000062d7e00000) (1024K)]
  0x00000166baf4b5d0 ConcurrentGCThread "G1 Main Marker"            [id=34032, stack(0x00000062d8200000,0x00000062d8300000) (1024K)]
  0x00000166baf4cf50 WorkerThread "G1 Conc#0"                       [id=24748, stack(0x00000062d8300000,0x00000062d8400000) (1024K)]
  0x00000166bafc56f0 ConcurrentGCThread "G1 Refine#0"               [id=6308, stack(0x00000062d8400000,0x00000062d8500000) (1024K)]
  0x00000166bafc7110 ConcurrentGCThread "G1 Service"                [id=22984, stack(0x00000062d8500000,0x00000062d8600000) (1024K)]
Total: 15

Threads with active compile tasks:
C2 CompilerThread0  11906212 2512       4       java.util.concurrent.ScheduledThreadPoolExecutor$DelayedWorkQueue::add (9 bytes)
Total: 1

VM state: not at safepoint (normal execution)

VM Mutex/Monitor currently owned by a thread: None

Heap address: 0x00000000fc000000, size: 64 MB, Compressed Oops mode: 32-bit

CDS archive(s) mapped at: [0x00000166d6000000-0x00000166d6c80000-0x00000166d6c80000), size 13107200, SharedBaseAddress: 0x00000166d6000000, ArchiveRelocationMode: 1.
Compressed class space mapped at: 0x00000166d7000000-0x0000016717000000, reserved size: 1073741824
Narrow klass base: 0x00000166d6000000, Narrow klass shift: 0, Narrow klass range: 0x100000000

GC Precious Log:
 CardTable entry size: 512
 Card Set container configuration: InlinePtr #cards 5 size 8 Array Of Cards #cards 12 size 40 Howl #buckets 4 coarsen threshold 1843 Howl Bitmap #cards 512 size 80 coarsen threshold 460 Card regions per heap region 1 cards per card region 2048
 CPUs: 12 total, 12 available
 Memory: 32637M
 Large Page Support: Disabled
 NUMA Support: Disabled
 Compressed Oops: Enabled (32-bit)
 Heap Region Size: 1M
 Heap Min Capacity: 64M
 Heap Initial Capacity: 64M
 Heap Max Capacity: 64M
 Pre-touch: Disabled
 Parallel Workers: 10
 Concurrent Workers: 3
 Concurrent Refinement Workers: 10
 Periodic GC: Disabled

Heap:
 garbage-first heap   total 65536K, used 44423K [0x00000000fc000000, 0x0000000100000000)
  region size 1024K, 33 young (33792K), 1 survivors (1024K)
 Metaspace       used 9832K, committed 10176K, reserved 1114112K
  class space    used 1264K, committed 1408K, reserved 1048576K

Heap Regions: E=young(eden), S=young(survivor), O=old, HS=humongous(starts), HC=humongous(continues), CS=collection set, F=free, TAMS=top-at-mark-start, PB=parsable bottom
|   0|0x00000000fc000000, 0x00000000fc100000, 0x00000000fc100000|100%| O|  |TAMS 0x00000000fc000000| PB 0x00000000fc000000| Untracked 
|   1|0x00000000fc100000, 0x00000000fc200000, 0x00000000fc200000|100%| O|  |TAMS 0x00000000fc100000| PB 0x00000000fc100000| Untracked 
|   2|0x00000000fc200000, 0x00000000fc300000, 0x00000000fc300000|100%| O|  |TAMS 0x00000000fc200000| PB 0x00000000fc200000| Untracked 
|   3|0x00000000fc300000, 0x00000000fc400000, 0x00000000fc400000|100%|HS|  |TAMS 0x00000000fc300000| PB 0x00000000fc300000| Complete 
|   4|0x00000000fc400000, 0x00000000fc500000, 0x00000000fc500000|100%|HC|  |TAMS 0x00000000fc400000| PB 0x00000000fc400000| Complete 
|   5|0x00000000fc500000, 0x00000000fc600000, 0x00000000fc600000|100%|HC|  |TAMS 0x00000000fc500000| PB 0x00000000fc500000| Complete 
|   6|0x00000000fc600000, 0x00000000fc700000, 0x00000000fc700000|100%| O|  |TAMS 0x00000000fc600000| PB 0x00000000fc600000| Untracked 
|   7|0x00000000fc700000, 0x00000000fc800000, 0x00000000fc800000|100%| O|  |TAMS 0x00000000fc700000| PB 0x00000000fc700000| Untracked 
|   8|0x00000000fc800000, 0x00000000fc900000, 0x00000000fc900000|100%| O|  |TAMS 0x00000000fc800000| PB 0x00000000fc800000| Untracked 
|   9|0x00000000fc900000, 0x00000000fca00000, 0x00000000fca00000|100%| O|  |TAMS 0x00000000fc900000| PB 0x00000000fc900000| Untracked 
|  10|0x00000000fca00000, 0x00000000fcb00000, 0x00000000fcb00000|100%| O|  |TAMS 0x00000000fca00000| PB 0x00000000fca00000| Untracked 
|  11|0x00000000fcb00000, 0x00000000fcc00000, 0x00000000fcc00000|100%| O|  |TAMS 0x00000000fcb00000| PB 0x00000000fcb00000| Untracked 
|  12|0x00000000fcc00000, 0x00000000fcc00000, 0x00000000fcd00000|  0%| F|  |TAMS 0x00000000fcc00000| PB 0x00000000fcc00000| Untracked 
|  13|0x00000000fcd00000, 0x00000000fcd00000, 0x00000000fce00000|  0%| F|  |TAMS 0x00000000fcd00000| PB 0x00000000fcd00000| Untracked 
|  14|0x00000000fce00000, 0x00000000fce00000, 0x00000000fcf00000|  0%| F|  |TAMS 0x00000000fce00000| PB 0x00000000fce00000| Untracked 
|  15|0x00000000fcf00000, 0x00000000fcf00000, 0x00000000fd000000|  0%| F|  |TAMS 0x00000000fcf00000| PB 0x00000000fcf00000| Untracked 
|  16|0x00000000fd000000, 0x00000000fd000000, 0x00000000fd100000|  0%| F|  |TAMS 0x00000000fd000000| PB 0x00000000fd000000| Untracked 
|  17|0x00000000fd100000, 0x00000000fd100000, 0x00000000fd200000|  0%| F|  |TAMS 0x00000000fd100000| PB 0x00000000fd100000| Untracked 
|  18|0x00000000fd200000, 0x00000000fd200000, 0x00000000fd300000|  0%| F|  |TAMS 0x00000000fd200000| PB 0x00000000fd200000| Untracked 
|  19|0x00000000fd300000, 0x00000000fd300000, 0x00000000fd400000|  0%| F|  |TAMS 0x00000000fd300000| PB 0x00000000fd300000| Untracked 
|  20|0x00000000fd400000, 0x00000000fd400000, 0x00000000fd500000|  0%| F|  |TAMS 0x00000000fd400000| PB 0x00000000fd400000| Untracked 
|  21|0x00000000fd500000, 0x00000000fd500000, 0x00000000fd600000|  0%| F|  |TAMS 0x00000000fd500000| PB 0x00000000fd500000| Untracked 
|  22|0x00000000fd600000, 0x00000000fd600000, 0x00000000fd700000|  0%| F|  |TAMS 0x00000000fd600000| PB 0x00000000fd600000| Untracked 
|  23|0x00000000fd700000, 0x00000000fd700000, 0x00000000fd800000|  0%| F|  |TAMS 0x00000000fd700000| PB 0x00000000fd700000| Untracked 
|  24|0x00000000fd800000, 0x00000000fd800000, 0x00000000fd900000|  0%| F|  |TAMS 0x00000000fd800000| PB 0x00000000fd800000| Untracked 
|  25|0x00000000fd900000, 0x00000000fd961fa0, 0x00000000fda00000| 38%| S|CS|TAMS 0x00000000fd900000| PB 0x00000000fd900000| Complete 
|  26|0x00000000fda00000, 0x00000000fda00000, 0x00000000fdb00000|  0%| F|  |TAMS 0x00000000fda00000| PB 0x00000000fda00000| Untracked 
|  27|0x00000000fdb00000, 0x00000000fdb00000, 0x00000000fdc00000|  0%| F|  |TAMS 0x00000000fdb00000| PB 0x00000000fdb00000| Untracked 
|  28|0x00000000fdc00000, 0x00000000fdc00000, 0x00000000fdd00000|  0%| F|  |TAMS 0x00000000fdc00000| PB 0x00000000fdc00000| Untracked 
|  29|0x00000000fdd00000, 0x00000000fdd00000, 0x00000000fde00000|  0%| F|  |TAMS 0x00000000fdd00000| PB 0x00000000fdd00000| Untracked 
|  30|0x00000000fde00000, 0x00000000fde00000, 0x00000000fdf00000|  0%| F|  |TAMS 0x00000000fde00000| PB 0x00000000fde00000| Untracked 
|  31|0x00000000fdf00000, 0x00000000fdf00000, 0x00000000fe000000|  0%| F|  |TAMS 0x00000000fdf00000| PB 0x00000000fdf00000| Untracked 
|  32|0x00000000fe000000, 0x00000000fe080000, 0x00000000fe100000| 50%| E|  |TAMS 0x00000000fe000000| PB 0x00000000fe000000| Complete 
|  33|0x00000000fe100000, 0x00000000fe200000, 0x00000000fe200000|100%| E|CS|TAMS 0x00000000fe100000| PB 0x00000000fe100000| Complete 
|  34|0x00000000fe200000, 0x00000000fe300000, 0x00000000fe300000|100%| E|CS|TAMS 0x00000000fe200000| PB 0x00000000fe200000| Complete 
|  35|0x00000000fe300000, 0x00000000fe400000, 0x00000000fe400000|100%| E|CS|TAMS 0x00000000fe300000| PB 0x00000000fe300000| Complete 
|  36|0x00000000fe400000, 0x00000000fe500000, 0x00000000fe500000|100%| E|CS|TAMS 0x00000000fe400000| PB 0x00000000fe400000| Complete 
|  37|0x00000000fe500000, 0x00000000fe600000, 0x00000000fe600000|100%| E|CS|TAMS 0x00000000fe500000| PB 0x00000000fe500000| Complete 
|  38|0x00000000fe600000, 0x00000000fe700000, 0x00000000fe700000|100%| E|CS|TAMS 0x00000000fe600000| PB 0x00000000fe600000| Complete 
|  39|0x00000000fe700000, 0x00000000fe800000, 0x00000000fe800000|100%| E|CS|TAMS 0x00000000fe700000| PB 0x00000000fe700000| Complete 
|  40|0x00000000fe800000, 0x00000000fe900000, 0x00000000fe900000|100%| E|CS|TAMS 0x00000000fe800000| PB 0x00000000fe800000| Complete 
|  41|0x00000000fe900000, 0x00000000fea00000, 0x00000000fea00000|100%| E|CS|TAMS 0x00000000fe900000| PB 0x00000000fe900000| Complete 
|  42|0x00000000fea00000, 0x00000000feb00000, 0x00000000feb00000|100%| E|CS|TAMS 0x00000000fea00000| PB 0x00000000fea00000| Complete 
|  43|0x00000000feb00000, 0x00000000fec00000, 0x00000000fec00000|100%| E|CS|TAMS 0x00000000feb00000| PB 0x00000000feb00000| Complete 
|  44|0x00000000fec00000, 0x00000000fed00000, 0x00000000fed00000|100%| E|CS|TAMS 0x00000000fec00000| PB 0x00000000fec00000| Complete 
|  45|0x00000000fed00000, 0x00000000fee00000, 0x00000000fee00000|100%| E|CS|TAMS 0x00000000fed00000| PB 0x00000000fed00000| Complete 
|  46|0x00000000fee00000, 0x00000000fef00000, 0x00000000fef00000|100%| E|CS|TAMS 0x00000000fee00000| PB 0x00000000fee00000| Complete 
|  47|0x00000000fef00000, 0x00000000ff000000, 0x00000000ff000000|100%| E|CS|TAMS 0x00000000fef00000| PB 0x00000000fef00000| Complete 
|  48|0x00000000ff000000, 0x00000000ff100000, 0x00000000ff100000|100%| E|CS|TAMS 0x00000000ff000000| PB 0x00000000ff000000| Complete 
|  49|0x00000000ff100000, 0x00000000ff200000, 0x00000000ff200000|100%| E|CS|TAMS 0x00000000ff100000| PB 0x00000000ff100000| Complete 
|  50|0x00000000ff200000, 0x00000000ff300000, 0x00000000ff300000|100%| E|CS|TAMS 0x00000000ff200000| PB 0x00000000ff200000| Complete 
|  51|0x00000000ff300000, 0x00000000ff400000, 0x00000000ff400000|100%| E|CS|TAMS 0x00000000ff300000| PB 0x00000000ff300000| Complete 
|  52|0x00000000ff400000, 0x00000000ff500000, 0x00000000ff500000|100%| E|CS|TAMS 0x00000000ff400000| PB 0x00000000ff400000| Complete 
|  53|0x00000000ff500000, 0x00000000ff600000, 0x00000000ff600000|100%| E|CS|TAMS 0x00000000ff500000| PB 0x00000000ff500000| Complete 
|  54|0x00000000ff600000, 0x00000000ff700000, 0x00000000ff700000|100%| E|CS|TAMS 0x00000000ff600000| PB 0x00000000ff600000| Complete 
|  55|0x00000000ff700000, 0x00000000ff800000, 0x00000000ff800000|100%| E|CS|TAMS 0x00000000ff700000| PB 0x00000000ff700000| Complete 
|  56|0x00000000ff800000, 0x00000000ff900000, 0x00000000ff900000|100%| E|CS|TAMS 0x00000000ff800000| PB 0x00000000ff800000| Complete 
|  57|0x00000000ff900000, 0x00000000ffa00000, 0x00000000ffa00000|100%| E|CS|TAMS 0x00000000ff900000| PB 0x00000000ff900000| Complete 
|  58|0x00000000ffa00000, 0x00000000ffb00000, 0x00000000ffb00000|100%| E|CS|TAMS 0x00000000ffa00000| PB 0x00000000ffa00000| Complete 
|  59|0x00000000ffb00000, 0x00000000ffc00000, 0x00000000ffc00000|100%| E|CS|TAMS 0x00000000ffb00000| PB 0x00000000ffb00000| Complete 
|  60|0x00000000ffc00000, 0x00000000ffd00000, 0x00000000ffd00000|100%| E|CS|TAMS 0x00000000ffc00000| PB 0x00000000ffc00000| Complete 
|  61|0x00000000ffd00000, 0x00000000ffe00000, 0x00000000ffe00000|100%| E|CS|TAMS 0x00000000ffd00000| PB 0x00000000ffd00000| Complete 
|  62|0x00000000ffe00000, 0x00000000fff00000, 0x00000000fff00000|100%| E|CS|TAMS 0x00000000ffe00000| PB 0x00000000ffe00000| Complete 
|  63|0x00000000fff00000, 0x0000000100000000, 0x0000000100000000|100%| E|CS|TAMS 0x00000000fff00000| PB 0x00000000fff00000| Complete 

Card table byte_map: [0x00000166b8d10000,0x00000166b8d30000] _byte_map_base: 0x00000166b8530000

Marking Bits: (CMBitMap*) 0x00000166baf4a4f0
 Bits: [0x00000166d2b70000, 0x00000166d2c70000)

Polling page: 0x00000166b8cc0000

Metaspace:

Usage:
  Non-class:      8.37 MB used.
      Class:      1.23 MB used.
       Both:      9.60 MB used.

Virtual space:
  Non-class space:       64.00 MB reserved,       8.56 MB ( 13%) committed,  1 nodes.
      Class space:        1.00 GB reserved,       1.38 MB ( <1%) committed,  1 nodes.
             Both:        1.06 GB reserved,       9.94 MB ( <1%) committed. 

Chunk freelists:
   Non-Class:  7.41 MB
       Class:  14.51 MB
        Both:  21.92 MB

MaxMetaspaceSize: unlimited
CompressedClassSpaceSize: 1.00 GB
Initial GC threshold: 21.00 MB
Current GC threshold: 21.00 MB
CDS: on
 - commit_granule_bytes: 65536.
 - commit_granule_words: 8192.
 - virtual_space_node_default_size: 8388608.
 - enlarge_chunks_in_place: 1.
 - use_allocation_guard: 0.


Internal statistics:

num_allocs_failed_limit: 0.
num_arena_births: 312.
num_arena_deaths: 0.
num_vsnodes_births: 2.
num_vsnodes_deaths: 0.
num_space_committed: 159.
num_space_uncommitted: 0.
num_chunks_returned_to_freelist: 0.
num_chunks_taken_from_freelist: 623.
num_chunk_merges: 0.
num_chunk_splits: 400.
num_chunks_enlarged: 266.
num_inconsistent_stats: 0.

CodeHeap 'non-profiled nmethods': size=120000Kb used=1576Kb max_used=1576Kb free=118423Kb
 bounds [0x00000166cb0f0000, 0x00000166cb360000, 0x00000166d2620000]
CodeHeap 'profiled nmethods': size=120000Kb used=4389Kb max_used=4389Kb free=115611Kb
 bounds [0x00000166c3620000, 0x00000166c3a70000, 0x00000166cab50000]
CodeHeap 'non-nmethods': size=5760Kb used=1410Kb max_used=1454Kb free=4349Kb
 bounds [0x00000166cab50000, 0x00000166cadc0000, 0x00000166cb0f0000]
 total_blobs=3014 nmethods=2512 adapters=406
 compilation: enabled
              stopped_count=0, restarted_count=0
 full_count=0

Compilation events (20 events):
Event: 6042.343 Thread 0x00000166d5863fb0 nmethod 2503% 0x00000166c3a63010 code [0x00000166c3a63340, 0x00000166c3a64960]
Event: 6144.752 Thread 0x00000166d5863fb0 2504   !   3       java.util.concurrent.ThreadPoolExecutor::runWorker (187 bytes)
Event: 6144.753 Thread 0x00000166d5863fb0 nmethod 2504 0x00000166c3a65290 code [0x00000166c3a655c0, 0x00000166c3a66950]
Event: 6247.148 Thread 0x00000166d585bd90 2505       4       java.util.concurrent.ThreadPoolExecutor$Worker::tryRelease (12 bytes)
Event: 6247.148 Thread 0x00000166d585bd90 nmethod 2505 0x00000166cb278c10 code [0x00000166cb278da0, 0x00000166cb278e88]
Event: 7690.653 Thread 0x00000166d585bd90 2506       4       java.util.concurrent.locks.ReentrantLock::unlock (10 bytes)
Event: 7690.654 Thread 0x00000166d585bd90 nmethod 2506 0x00000166cb278f10 code [0x00000166cb2790c0, 0x00000166cb279298]
Event: 7861.148 Thread 0x00000166d5863fb0 2507       3       org.fusesource.jansi.Ansi::eraseLine (11 bytes)
Event: 7861.148 Thread 0x00000166d5863fb0 nmethod 2507 0x00000166c3a67190 code [0x00000166c3a67340, 0x00000166c3a674a0]
Event: 9790.902 Thread 0x00000166d5863fb0 2508   !   3       jdk.internal.ref.PhantomCleanable::isListEmpty (34 bytes)
Event: 9790.902 Thread 0x00000166d5863fb0 nmethod 2508 0x00000166c3a67590 code [0x00000166c3a67740, 0x00000166c3a67998]
Event: 9790.902 Thread 0x00000166d5863fb0 2509       3       jdk.internal.misc.InnocuousThread::eraseThreadLocals (23 bytes)
Event: 9790.904 Thread 0x00000166d5863fb0 nmethod 2509 0x00000166c3a67a90 code [0x00000166c3a67c40, 0x00000166c3a67e28]
Event: 9790.904 Thread 0x00000166d5863fb0 2510   !   3       java.lang.ref.ReferenceQueue::remove (61 bytes)
Event: 9790.906 Thread 0x00000166d5863fb0 nmethod 2510 0x00000166c3a67e90 code [0x00000166c3a68120, 0x00000166c3a68ca8]
Event: 10138.343 Thread 0x00000166d585bd90 2511 % !   4       java.util.concurrent.ThreadPoolExecutor::runWorker @ 21 (187 bytes)
Event: 10138.355 Thread 0x00000166d585bd90 nmethod 2511% 0x00000166cb279410 code [0x00000166cb279620, 0x00000166cb279c70]
Event: 11904.164 Thread 0x00000166d5863fb0 2513       2       java.util.concurrent.ScheduledThreadPoolExecutor$DelayedWorkQueue::add (6 bytes)
Event: 11904.164 Thread 0x00000166d585bd90 2512       4       java.util.concurrent.ScheduledThreadPoolExecutor$DelayedWorkQueue::add (9 bytes)
Event: 11904.164 Thread 0x00000166d5863fb0 nmethod 2513 0x00000166c3a69090 code [0x00000166c3a69240, 0x00000166c3a69368]

GC Heap History (10 events):
Event: 0.411 GC heap before
{Heap before GC invocations=0 (full 0):
 garbage-first heap   total 65536K, used 22528K [0x00000000fc000000, 0x0000000100000000)
  region size 1024K, 23 young (23552K), 0 survivors (0K)
 Metaspace       used 1155K, committed 1280K, reserved 1114112K
  class space    used 75K, committed 128K, reserved 1048576K
}
Event: 0.414 GC heap after
{Heap after GC invocations=1 (full 0):
 garbage-first heap   total 65536K, used 5320K [0x00000000fc000000, 0x0000000100000000)
  region size 1024K, 3 young (3072K), 3 survivors (3072K)
 Metaspace       used 1155K, committed 1280K, reserved 1114112K
  class space    used 75K, committed 128K, reserved 1048576K
}
Event: 1.064 GC heap before
{Heap before GC invocations=1 (full 0):
 garbage-first heap   total 65536K, used 38088K [0x00000000fc000000, 0x0000000100000000)
  region size 1024K, 32 young (32768K), 3 survivors (3072K)
 Metaspace       used 8760K, committed 9088K, reserved 1114112K
  class space    used 1177K, committed 1344K, reserved 1048576K
}
Event: 1.068 GC heap after
{Heap after GC invocations=2 (full 0):
 garbage-first heap   total 65536K, used 12102K [0x00000000fc000000, 0x0000000100000000)
  region size 1024K, 4 young (4096K), 4 survivors (4096K)
 Metaspace       used 8760K, committed 9088K, reserved 1114112K
  class space    used 1177K, committed 1344K, reserved 1048576K
}
Event: 1449.845 GC heap before
{Heap before GC invocations=2 (full 0):
 garbage-first heap   total 65536K, used 41798K [0x00000000fc000000, 0x0000000100000000)
  region size 1024K, 33 young (33792K), 4 survivors (4096K)
 Metaspace       used 9827K, committed 10176K, reserved 1114112K
  class space    used 1264K, committed 1408K, reserved 1048576K
}
Event: 1449.848 GC heap after
{Heap after GC invocations=3 (full 0):
 garbage-first heap   total 65536K, used 12874K [0x00000000fc000000, 0x0000000100000000)
  region size 1024K, 1 young (1024K), 1 survivors (1024K)
 Metaspace       used 9827K, committed 10176K, reserved 1114112K
  class space    used 1264K, committed 1408K, reserved 1048576K
}
Event: 4496.147 GC heap before
{Heap before GC invocations=3 (full 0):
 garbage-first heap   total 65536K, used 43594K [0x00000000fc000000, 0x0000000100000000)
  region size 1024K, 31 young (31744K), 1 survivors (1024K)
 Metaspace       used 9827K, committed 10176K, reserved 1114112K
  class space    used 1264K, committed 1408K, reserved 1048576K
}
Event: 4496.149 GC heap after
{Heap after GC invocations=4 (full 0):
 garbage-first heap   total 65536K, used 12683K [0x00000000fc000000, 0x0000000100000000)
  region size 1024K, 1 young (1024K), 1 survivors (1024K)
 Metaspace       used 9827K, committed 10176K, reserved 1114112K
  class space    used 1264K, committed 1408K, reserved 1048576K
}
Event: 8517.241 GC heap before
{Heap before GC invocations=4 (full 0):
 garbage-first heap   total 65536K, used 50571K [0x00000000fc000000, 0x0000000100000000)
  region size 1024K, 38 young (38912K), 1 survivors (1024K)
 Metaspace       used 9830K, committed 10176K, reserved 1114112K
  class space    used 1264K, committed 1408K, reserved 1048576K
}
Event: 8517.247 GC heap after
{Heap after GC invocations=5 (full 0):
 garbage-first heap   total 65536K, used 12679K [0x00000000fc000000, 0x0000000100000000)
  region size 1024K, 1 young (1024K), 1 survivors (1024K)
 Metaspace       used 9830K, committed 10176K, reserved 1114112K
  class space    used 1264K, committed 1408K, reserved 1048576K
}

Dll operation events (15 events):
Event: 0.007 Loaded shared library C:\Program Files\Eclipse Adoptium\jdk-21.0.7.6-hotspot\bin\java.dll
Event: 0.030 Loaded shared library C:\Program Files\Eclipse Adoptium\jdk-21.0.7.6-hotspot\bin\jsvml.dll
Event: 0.062 Loaded shared library C:\Program Files\Eclipse Adoptium\jdk-21.0.7.6-hotspot\bin\zip.dll
Event: 0.065 Loaded shared library C:\Program Files\Eclipse Adoptium\jdk-21.0.7.6-hotspot\bin\instrument.dll
Event: 0.069 Loaded shared library C:\Program Files\Eclipse Adoptium\jdk-21.0.7.6-hotspot\bin\net.dll
Event: 0.071 Loaded shared library C:\Program Files\Eclipse Adoptium\jdk-21.0.7.6-hotspot\bin\nio.dll
Event: 0.074 Loaded shared library C:\Program Files\Eclipse Adoptium\jdk-21.0.7.6-hotspot\bin\zip.dll
Event: 0.295 Loaded shared library C:\Program Files\Eclipse Adoptium\jdk-21.0.7.6-hotspot\bin\jimage.dll
Event: 0.562 Loaded shared library C:\Program Files\Eclipse Adoptium\jdk-21.0.7.6-hotspot\bin\verify.dll
Event: 0.644 Loaded shared library C:\Program Files\Eclipse Adoptium\jdk-21.0.7.6-hotspot\bin\management.dll
Event: 0.647 Loaded shared library C:\Program Files\Eclipse Adoptium\jdk-21.0.7.6-hotspot\bin\management_ext.dll
Event: 0.692 Loaded shared library C:\Users\mr123\.gradle\native\1def1411415f61bf3af743bc5b6707747c0891f09f0c88961ee8f79bc544acac\windows-amd64\native-platform.dll
Event: 0.724 Loaded shared library C:\Users\mr123\.gradle\native\jansi\1.18\windows64\jansi.dll
Event: 0.846 Loaded shared library C:\Program Files\Eclipse Adoptium\jdk-21.0.7.6-hotspot\bin\extnet.dll
Event: 1.052 Loaded shared library C:\Program Files\Eclipse Adoptium\jdk-21.0.7.6-hotspot\bin\sunmscapi.dll

Deoptimization events (20 events):
Event: 1449.848 Thread 0x00000166d5960260 DEOPT PACKING pc=0x00000166cb21b3c0 sp=0x00000062d90febe0
Event: 1449.848 Thread 0x00000166d5960260 DEOPT UNPACKING pc=0x00000166caba46a2 sp=0x00000062d90feb78 mode 2
Event: 3601.145 Thread 0x000001671b73dbf0 Uncommon trap: trap_request=0xffffff45 fr.pc=0x00000166cb1f312c relative=0x0000000000006a8c
Event: 3601.145 Thread 0x000001671b73dbf0 Uncommon trap: reason=unstable_if action=reinterpret pc=0x00000166cb1f312c method=org.gradle.internal.time.TimeFormatting.formatDurationTerse(J)Ljava/lang/String; @ 13 c2
Event: 3601.145 Thread 0x000001671b73dbf0 DEOPT PACKING pc=0x00000166cb1f312c sp=0x00000062d97ff440
Event: 3601.145 Thread 0x000001671b73dbf0 DEOPT UNPACKING pc=0x00000166caba46a2 sp=0x00000062d97ff270 mode 2
Event: 10957.543 Thread 0x000001671b73dbf0 DEOPT PACKING pc=0x00000166c3a64798 sp=0x00000062d97ff590
Event: 10957.544 Thread 0x000001671b73dbf0 DEOPT UNPACKING pc=0x00000166caba4e42 sp=0x00000062d97feb08 mode 0
Event: 11904.162 Thread 0x000001671b73dbf0 Uncommon trap: trap_request=0xffffff45 fr.pc=0x00000166cb225808 relative=0x0000000000000f88
Event: 11904.162 Thread 0x000001671b73dbf0 Uncommon trap: reason=unstable_if action=reinterpret pc=0x00000166cb225808 method=org.gradle.internal.time.MonotonicClock.advance(J)J @ 11 c2
Event: 11904.162 Thread 0x000001671b73dbf0 DEOPT PACKING pc=0x00000166cb225808 sp=0x00000062d97ff5c0
Event: 11904.162 Thread 0x000001671b73dbf0 DEOPT UNPACKING pc=0x00000166caba46a2 sp=0x00000062d97ff320 mode 2
Event: 11904.164 Thread 0x000001671b73dbf0 Uncommon trap: trap_request=0xffffff45 fr.pc=0x00000166cb21c10c relative=0x000000000000028c
Event: 11904.164 Thread 0x000001671b73dbf0 Uncommon trap: reason=unstable_if action=reinterpret pc=0x00000166cb21c10c method=org.gradle.internal.time.MonotonicClock.advance(J)J @ 11 c2
Event: 11904.164 Thread 0x000001671b73dbf0 DEOPT PACKING pc=0x00000166cb21c10c sp=0x00000062d97ff320
Event: 11904.164 Thread 0x000001671b73dbf0 DEOPT UNPACKING pc=0x00000166caba46a2 sp=0x00000062d97ff218 mode 2
Event: 11904.165 Thread 0x000001671b73dbf0 Uncommon trap: trap_request=0xffffff45 fr.pc=0x00000166cb25b054 relative=0x00000000000000b4
Event: 11904.165 Thread 0x000001671b73dbf0 Uncommon trap: reason=unstable_if action=reinterpret pc=0x00000166cb25b054 method=org.gradle.internal.time.MonotonicClock.advance(J)J @ 11 c2
Event: 11904.165 Thread 0x000001671b73dbf0 DEOPT PACKING pc=0x00000166cb25b054 sp=0x00000062d97ff280
Event: 11904.165 Thread 0x000001671b73dbf0 DEOPT UNPACKING pc=0x00000166caba46a2 sp=0x00000062d97ff210 mode 2

Classes loaded (20 events):
Event: 1.086 Loading class java/lang/invoke/ConstantBootstraps
Event: 1.086 Loading class java/lang/invoke/ConstantBootstraps done
Event: 1.109 Loading class java/nio/channels/spi/AbstractSelector$1
Event: 1.109 Loading class java/nio/channels/spi/AbstractSelector$1 done
Event: 1.119 Loading class java/util/concurrent/Executors$AutoShutdownDelegatedExecutorService
Event: 1.119 Loading class java/util/concurrent/Executors$AutoShutdownDelegatedExecutorService done
Event: 1.120 Loading class java/io/BufferedReader
Event: 1.120 Loading class java/io/BufferedReader done
Event: 1.120 Loading class sun/nio/cs/StreamDecoder
Event: 1.120 Loading class sun/nio/cs/StreamDecoder done
Event: 1.146 Loading class java/util/AbstractList$ListItr
Event: 1.146 Loading class java/util/AbstractList$ListItr done
Event: 1.365 Loading class java/lang/invoke/MethodHandle$1
Event: 1.365 Loading class java/lang/invoke/MethodHandle$1 done
Event: 110.153 Loading class jdk/internal/foreign/MemorySessionImpl
Event: 110.154 Loading class java/lang/foreign/MemorySegment$Scope
Event: 110.154 Loading class java/lang/foreign/MemorySegment$Scope done
Event: 110.154 Loading class jdk/internal/foreign/MemorySessionImpl done
Event: 451.146 Loading class java/lang/foreign/MemorySegment
Event: 451.146 Loading class java/lang/foreign/MemorySegment done

Classes unloaded (0 events):
No events

Classes redefined (0 events):
No events

Internal exceptions (20 events):
Event: 0.906 Thread 0x00000166baf2d0b0 Exception <a 'java/lang/NoSuchMethodError'{0x00000000feabb470}: 'java.lang.Object java.lang.invoke.DirectMethodHandle$Holder.invokeStatic(java.lang.Object, java.lang.Object, java.lang.Object, java.lang.Object, java.lang.Object, java.lang.Object, java.lang.Object, java.lang.Object, java.lang.Object, java.lang.Object, java.lang.Object, java.lang.Object, java.lang.Object, java.lang.Object, java.lang.Object, java.lang.Object, java.lang.Object)'> (0x00000000feabb470) 
thrown [s\src\hotspot\share\interpreter\lin
Event: 0.909 Thread 0x00000166baf2d0b0 Exception <a 'java/lang/NoSuchMethodError'{0x00000000feae2e80}: 'java.lang.Object java.lang.invoke.DirectMethodHandle$Holder.invokeStatic(java.lang.Object, java.lang.Object, java.lang.Object, java.lang.Object, java.lang.Object, java.lang.Object, java.lang.Object, java.lang.Object, java.lang.Object, java.lang.Object, java.lang.Object, java.lang.Object, java.lang.Object, java.lang.Object, java.lang.Object, java.lang.Object, java.lang.Object, java.lang.Object)'> (0x00000000feae2e80) 
thrown [s\src\hotspot\sha
Event: 0.911 Thread 0x00000166baf2d0b0 Exception <a 'java/lang/NoSuchMethodError'{0x00000000fe90b958}: 'java.lang.Object java.lang.invoke.DirectMethodHandle$Holder.invokeStatic(java.lang.Object, java.lang.Object, java.lang.Object, java.lang.Object, java.lang.Object, java.lang.Object, java.lang.Object, java.lang.Object, java.lang.Object, java.lang.Object, java.lang.Object, java.lang.Object, java.lang.Object, java.lang.Object, java.lang.Object, java.lang.Object, java.lang.Object, java.lang.Object, java.lang.Object)'> (0x00000000fe90b958) 
thrown 
Event: 0.913 Thread 0x00000166baf2d0b0 Exception <a 'java/lang/NoSuchMethodError'{0x00000000fe935520}: 'java.lang.Object java.lang.invoke.DirectMethodHandle$Holder.invokeStatic(java.lang.Object, java.lang.Object, java.lang.Object, java.lang.Object, java.lang.Object, java.lang.Object, java.lang.Object, java.lang.Object, java.lang.Object, java.lang.Object, java.lang.Object, java.lang.Object, java.lang.Object, java.lang.Object, java.lang.Object, java.lang.Object, java.lang.Object, java.lang.Object, java.lang.Object, java.lang.Object)'> (0x00000000
Event: 0.915 Thread 0x00000166baf2d0b0 Exception <a 'java/lang/NoSuchMethodError'{0x00000000fe960120}: 'java.lang.Object java.lang.invoke.DirectMethodHandle$Holder.invokeStatic(java.lang.Object, java.lang.Object, java.lang.Object, java.lang.Object, java.lang.Object, java.lang.Object, java.lang.Object, java.lang.Object, java.lang.Object, java.lang.Object, java.lang.Object, java.lang.Object, java.lang.Object, java.lang.Object, java.lang.Object, java.lang.Object, java.lang.Object, java.lang.Object, java.lang.Object, java.lang.Object, java.lang.Obj
Event: 0.917 Thread 0x00000166baf2d0b0 Exception <a 'java/lang/NoSuchMethodError'{0x00000000fe98ba20}: 'java.lang.Object java.lang.invoke.DirectMethodHandle$Holder.invokeStatic(java.lang.Object, java.lang.Object, java.lang.Object, java.lang.Object, java.lang.Object, java.lang.Object, java.lang.Object, java.lang.Object, java.lang.Object, java.lang.Object, java.lang.Object, java.lang.Object, java.lang.Object, java.lang.Object, java.lang.Object, java.lang.Object, java.lang.Object, java.lang.Object, java.lang.Object, java.lang.Object, java.lang.Obj
Event: 0.919 Thread 0x00000166baf2d0b0 Exception <a 'java/lang/NoSuchMethodError'{0x00000000fe9b7ed8}: 'java.lang.Object java.lang.invoke.DirectMethodHandle$Holder.invokeStatic(java.lang.Object, java.lang.Object, java.lang.Object, java.lang.Object, java.lang.Object, java.lang.Object, java.lang.Object, java.lang.Object, java.lang.Object, java.lang.Object, java.lang.Object, java.lang.Object, java.lang.Object, java.lang.Object, java.lang.Object, java.lang.Object, java.lang.Object, java.lang.Object, java.lang.Object, java.lang.Object, java.lang.Obj
Event: 0.921 Thread 0x00000166baf2d0b0 Exception <a 'java/lang/NoSuchMethodError'{0x00000000fe51d460}: 'java.lang.Object java.lang.invoke.DirectMethodHandle$Holder.invokeStatic(java.lang.Object, java.lang.Object, java.lang.Object, java.lang.Object, java.lang.Object, java.lang.Object, java.lang.Object, java.lang.Object, java.lang.Object, java.lang.Object, java.lang.Object, java.lang.Object, java.lang.Object, java.lang.Object, java.lang.Object, java.lang.Object, java.lang.Object, java.lang.Object, java.lang.Object, java.lang.Object, java.lang.Obj
Event: 0.923 Thread 0x00000166baf2d0b0 Exception <a 'java/lang/NoSuchMethodError'{0x00000000fe54bd38}: 'java.lang.Object java.lang.invoke.DirectMethodHandle$Holder.invokeStatic(java.lang.Object, java.lang.Object, java.lang.Object, java.lang.Object, java.lang.Object, java.lang.Object, java.lang.Object, java.lang.Object, java.lang.Object, java.lang.Object, java.lang.Object, java.lang.Object, java.lang.Object, java.lang.Object, java.lang.Object, java.lang.Object, java.lang.Object, java.lang.Object, java.lang.Object, java.lang.Object, java.lang.Obj
Event: 0.927 Thread 0x00000166baf2d0b0 Exception <a 'java/lang/NoSuchMethodError'{0x00000000fe570458}: 'java.lang.Object java.lang.invoke.DirectMethodHandle$Holder.invokeSpecial(java.lang.Object, java.lang.Object, java.lang.Object, java.lang.Object, java.lang.Object, java.lang.Object, java.lang.Object, java.lang.Object, java.lang.Object, java.lang.Object, java.lang.Object, java.lang.Object, java.lang.Object, java.lang.Object, java.lang.Object, java.lang.Object, java.lang.Object, java.lang.Object, java.lang.Object, java.lang.Object, java.lang.Ob
Event: 0.928 Thread 0x00000166baf2d0b0 Exception <a 'java/lang/NoSuchMethodError'{0x00000000fe585ef0}: 'java.lang.Object java.lang.invoke.DirectMethodHandle$Holder.newInvokeSpecial(java.lang.Object, java.lang.Object, java.lang.Object, java.lang.Object, java.lang.Object, java.lang.Object, java.lang.Object, java.lang.Object, java.lang.Object, java.lang.Object, java.lang.Object, java.lang.Object, java.lang.Object, java.lang.Object, java.lang.Object, java.lang.Object, java.lang.Object, java.lang.Object, java.lang.Object, java.lang.Object, java.lang
Event: 0.928 Thread 0x00000166baf2d0b0 Exception <a 'java/lang/NoSuchMethodError'{0x00000000fe58c0e8}: 'java.lang.Object java.lang.invoke.Invokers$Holder.linkToTargetMethod(java.lang.Object, java.lang.Object, java.lang.Object, java.lang.Object, java.lang.Object, java.lang.Object, java.lang.Object, java.lang.Object, java.lang.Object, java.lang.Object, java.lang.Object, java.lang.Object, java.lang.Object, java.lang.Object, java.lang.Object, java.lang.Object, java.lang.Object, java.lang.Object, java.lang.Object, java.lang.Object, java.lang.Object,
Event: 0.929 Thread 0x00000166baf2d0b0 Exception <a 'java/lang/NoSuchMethodError'{0x00000000fe5911a8}: 'java.lang.Object java.lang.invoke.DirectMethodHandle$Holder.invokeVirtual(java.lang.Object, java.lang.Object, java.lang.Object, java.lang.Object, java.lang.Object, java.lang.Object, java.lang.Object, java.lang.Object, java.lang.Object, java.lang.Object)'> (0x00000000fe5911a8) 
thrown [s\src\hotspot\share\interpreter\linkResolver.cpp, line 773]
Event: 0.946 Thread 0x00000166baf2d0b0 Exception <a 'java/lang/NoSuchMethodError'{0x00000000fe482050}: 'java.lang.Object java.lang.invoke.DirectMethodHandle$Holder.invokeVirtual(java.lang.Object, java.lang.Object, java.lang.Object, java.lang.Object, java.lang.Object, java.lang.Object, java.lang.Object, java.lang.Object, java.lang.Object)'> (0x00000000fe482050) 
thrown [s\src\hotspot\share\interpreter\linkResolver.cpp, line 773]
Event: 0.964 Thread 0x00000166baf2d0b0 Exception <a 'java/lang/NoSuchMethodError'{0x00000000fe38fec8}: 'java.lang.Object java.lang.invoke.DirectMethodHandle$Holder.invokeVirtual(java.lang.Object, java.lang.Object, java.lang.Object, java.lang.Object, java.lang.Object, java.lang.Object, java.lang.Object, java.lang.Object)'> (0x00000000fe38fec8) 
thrown [s\src\hotspot\share\interpreter\linkResolver.cpp, line 773]
Event: 0.996 Thread 0x00000166baf2d0b0 Exception <a 'java/lang/NoSuchMethodError'{0x00000000fe2578f0}: 'java.lang.Object java.lang.invoke.DirectMethodHandle$Holder.invokeStaticInit(java.lang.Object, int, int, int, int)'> (0x00000000fe2578f0) 
thrown [s\src\hotspot\share\interpreter\linkResolver.cpp, line 773]
Event: 1.015 Thread 0x00000166baf2d0b0 Exception <a 'java/lang/NoSuchMethodError'{0x00000000fe124768}: 'java.lang.Object java.lang.invoke.DirectMethodHandle$Holder.invokeStaticInit(java.lang.Object, java.lang.Object, int, int, int, int)'> (0x00000000fe124768) 
thrown [s\src\hotspot\share\interpreter\linkResolver.cpp, line 773]
Event: 1.033 Thread 0x00000166baf2d0b0 Implicit null exception at 0x00000166cb1429a4 to 0x00000166cb142ff8
Event: 1.034 Thread 0x00000166baf2d0b0 Implicit null exception at 0x00000166cb14a720 to 0x00000166cb14ad6c
Event: 1.038 Thread 0x00000166baf2d0b0 Exception <a 'java/lang/NoSuchMethodError'{0x00000000fe014428}: 'void java.lang.invoke.DirectMethodHandle$Holder.invokeInterface(java.lang.Object, java.lang.Object, java.lang.Object)'> (0x00000000fe014428) 
thrown [s\src\hotspot\share\interpreter\linkResolver.cpp, line 773]

ZGC Phase Switch (0 events):
No events

VM Operations (20 events):
Event: 1684.064 Executing VM operation: RendezvousGCThreads
Event: 1684.064 Executing VM operation: RendezvousGCThreads done
Event: 2620.841 Executing VM operation: Cleanup
Event: 2620.841 Executing VM operation: Cleanup done
Event: 3601.852 Executing VM operation: Cleanup
Event: 3601.852 Executing VM operation: Cleanup done
Event: 3675.444 Executing VM operation: Cleanup
Event: 3675.444 Executing VM operation: Cleanup done
Event: 3782.240 Executing VM operation: Cleanup
Event: 3782.240 Executing VM operation: Cleanup done
Event: 3930.344 Executing VM operation: Cleanup
Event: 3930.344 Executing VM operation: Cleanup done
Event: 4496.147 Executing VM operation: G1CollectForAllocation (G1 Evacuation Pause)
Event: 4496.149 Executing VM operation: G1CollectForAllocation (G1 Evacuation Pause) done
Event: 4497.155 Executing VM operation: Cleanup
Event: 4497.155 Executing VM operation: Cleanup done
Event: 6247.871 Executing VM operation: Cleanup
Event: 6247.871 Executing VM operation: Cleanup done
Event: 8517.241 Executing VM operation: G1CollectForAllocation (G1 Evacuation Pause)
Event: 8517.247 Executing VM operation: G1CollectForAllocation (G1 Evacuation Pause) done

Memory protections (0 events):
No events

Nmethod flushes (0 events):
No events

Events (16 events):
Event: 0.017 Thread 0x00000166baf2d0b0 Thread added: 0x00000166baf2d0b0
Event: 0.028 Thread 0x00000166baf2d0b0 Thread added: 0x00000166d5840ab0
Event: 0.029 Thread 0x00000166baf2d0b0 Thread added: 0x00000166d5841700
Event: 0.029 Thread 0x00000166baf2d0b0 Thread added: 0x00000166d584a450
Event: 0.029 Thread 0x00000166baf2d0b0 Thread added: 0x00000166d584d280
Event: 0.029 Thread 0x00000166baf2d0b0 Thread added: 0x00000166d584bf70
Event: 0.029 Thread 0x00000166baf2d0b0 Thread added: 0x00000166d584c9c0
Event: 0.029 Thread 0x00000166baf2d0b0 Thread added: 0x00000166d585bd90
Event: 0.029 Thread 0x00000166baf2d0b0 Thread added: 0x00000166d5863fb0
Event: 0.045 Thread 0x00000166baf2d0b0 Thread added: 0x00000166d5960260
Event: 0.089 Thread 0x00000166baf2d0b0 Thread added: 0x00000166d5a160f0
Event: 0.134 Thread 0x00000166d5863fb0 Thread added: 0x00000166d5b2b300
Event: 0.296 Thread 0x00000166d5863fb0 Thread added: 0x00000166d5b661c0
Event: 0.739 Thread 0x00000166baf2d0b0 Thread added: 0x000001671b73dbf0
Event: 1.302 Thread 0x00000166d5b661c0 Thread exited: 0x00000166d5b661c0
Event: 1.302 Thread 0x00000166d5b2b300 Thread exited: 0x00000166d5b2b300


Dynamic libraries:
0x00007ff6dad40000 - 0x00007ff6dad4e000 	C:\Program Files\Eclipse Adoptium\jdk-21.0.7.6-hotspot\bin\java.exe
0x00007ffde6240000 - 0x00007ffde64a5000 	C:\WINDOWS\SYSTEM32\ntdll.dll
0x00007ffde4f70000 - 0x00007ffde5039000 	C:\WINDOWS\System32\KERNEL32.DLL
0x00007ffde3650000 - 0x00007ffde3a38000 	C:\WINDOWS\System32\KERNELBASE.dll
0x00007ffde3c60000 - 0x00007ffde3dab000 	C:\WINDOWS\System32\ucrtbase.dll
0x00007ffd33300000 - 0x00007ffd33318000 	C:\Program Files\Eclipse Adoptium\jdk-21.0.7.6-hotspot\bin\jli.dll
0x00007ffd332e0000 - 0x00007ffd332fe000 	C:\Program Files\Eclipse Adoptium\jdk-21.0.7.6-hotspot\bin\VCRUNTIME140.dll
0x00007ffde5780000 - 0x00007ffde594a000 	C:\WINDOWS\System32\USER32.dll
0x00007ffde3e70000 - 0x00007ffde3e97000 	C:\WINDOWS\System32\win32u.dll
0x00007ffde4530000 - 0x00007ffde455b000 	C:\WINDOWS\System32\GDI32.dll
0x00007ffdcb190000 - 0x00007ffdcb42a000 	C:\WINDOWS\WinSxS\amd64_microsoft.windows.common-controls_6595b64144ccf1df_6.0.26100.4202_none_3e0698d4e335f517\COMCTL32.dll
0x00007ffde3ea0000 - 0x00007ffde3fd7000 	C:\WINDOWS\System32\gdi32full.dll
0x00007ffde5240000 - 0x00007ffde52e9000 	C:\WINDOWS\System32\msvcrt.dll
0x00007ffde3390000 - 0x00007ffde3433000 	C:\WINDOWS\System32\msvcp_win.dll
0x00007ffde4730000 - 0x00007ffde4760000 	C:\WINDOWS\System32\IMM32.DLL
0x00007ffd34610000 - 0x00007ffd3461c000 	C:\Program Files\Eclipse Adoptium\jdk-21.0.7.6-hotspot\bin\vcruntime140_1.dll
0x00007ffd33250000 - 0x00007ffd332dd000 	C:\Program Files\Eclipse Adoptium\jdk-21.0.7.6-hotspot\bin\msvcp140.dll
0x00007ffd31d30000 - 0x00007ffd32ac0000 	C:\Program Files\Eclipse Adoptium\jdk-21.0.7.6-hotspot\bin\server\jvm.dll
0x00007ffde5090000 - 0x00007ffde5143000 	C:\WINDOWS\System32\ADVAPI32.dll
0x00007ffde6150000 - 0x00007ffde61f6000 	C:\WINDOWS\System32\sechost.dll
0x00007ffde5fc0000 - 0x00007ffde60d5000 	C:\WINDOWS\System32\RPCRT4.dll
0x00007ffde5f40000 - 0x00007ffde5fb4000 	C:\WINDOWS\System32\WS2_32.dll
0x00007ffde2af0000 - 0x00007ffde2b4e000 	C:\WINDOWS\SYSTEM32\POWRPROF.dll
0x00007ffdd55c0000 - 0x00007ffdd55f5000 	C:\WINDOWS\SYSTEM32\WINMM.dll
0x00007ffddaa10000 - 0x00007ffddaa1b000 	C:\WINDOWS\SYSTEM32\VERSION.dll
0x00007ffde2ad0000 - 0x00007ffde2ae4000 	C:\WINDOWS\SYSTEM32\UMPDC.dll
0x00007ffde2110000 - 0x00007ffde212b000 	C:\WINDOWS\SYSTEM32\kernel.appcore.dll
0x00007ffd34560000 - 0x00007ffd3456a000 	C:\Program Files\Eclipse Adoptium\jdk-21.0.7.6-hotspot\bin\jimage.dll
0x00007ffdcb6b0000 - 0x00007ffdcb8f1000 	C:\WINDOWS\SYSTEM32\DBGHELP.DLL
0x00007ffde5b30000 - 0x00007ffde5eb5000 	C:\WINDOWS\System32\combase.dll
0x00007ffde5150000 - 0x00007ffde5231000 	C:\WINDOWS\System32\OLEAUT32.dll
0x00007ffdc6620000 - 0x00007ffdc6659000 	C:\WINDOWS\SYSTEM32\dbgcore.DLL
0x00007ffde3bc0000 - 0x00007ffde3c59000 	C:\WINDOWS\System32\bcryptPrimitives.dll
0x00007ffd33240000 - 0x00007ffd3324f000 	C:\Program Files\Eclipse Adoptium\jdk-21.0.7.6-hotspot\bin\instrument.dll
0x00007ffd33220000 - 0x00007ffd3323f000 	C:\Program Files\Eclipse Adoptium\jdk-21.0.7.6-hotspot\bin\java.dll
0x00007ffde4770000 - 0x00007ffde4eb2000 	C:\WINDOWS\System32\SHELL32.dll
0x00007ffde3440000 - 0x00007ffde35b4000 	C:\WINDOWS\System32\wintypes.dll
0x00007ffde0fd0000 - 0x00007ffde1827000 	C:\WINDOWS\SYSTEM32\windows.storage.dll
0x00007ffde4560000 - 0x00007ffde4651000 	C:\WINDOWS\System32\SHCORE.dll
0x00007ffde60e0000 - 0x00007ffde614a000 	C:\WINDOWS\System32\shlwapi.dll
0x00007ffde32a0000 - 0x00007ffde32cf000 	C:\WINDOWS\SYSTEM32\profapi.dll
0x00007ffd33140000 - 0x00007ffd33217000 	C:\Program Files\Eclipse Adoptium\jdk-21.0.7.6-hotspot\bin\jsvml.dll
0x00007ffd33120000 - 0x00007ffd33138000 	C:\Program Files\Eclipse Adoptium\jdk-21.0.7.6-hotspot\bin\zip.dll
0x00007ffd333f0000 - 0x00007ffd33400000 	C:\Program Files\Eclipse Adoptium\jdk-21.0.7.6-hotspot\bin\net.dll
0x00007ffddc190000 - 0x00007ffddc2ae000 	C:\WINDOWS\SYSTEM32\WINHTTP.dll
0x00007ffde2660000 - 0x00007ffde26ca000 	C:\WINDOWS\system32\mswsock.dll
0x00007ffd333d0000 - 0x00007ffd333e6000 	C:\Program Files\Eclipse Adoptium\jdk-21.0.7.6-hotspot\bin\nio.dll
0x00007ffd333c0000 - 0x00007ffd333d0000 	C:\Program Files\Eclipse Adoptium\jdk-21.0.7.6-hotspot\bin\verify.dll
0x00007ffd37370000 - 0x00007ffd3737a000 	C:\Program Files\Eclipse Adoptium\jdk-21.0.7.6-hotspot\bin\management.dll
0x00007ffd37360000 - 0x00007ffd3736b000 	C:\Program Files\Eclipse Adoptium\jdk-21.0.7.6-hotspot\bin\management_ext.dll
0x00007ffde4060000 - 0x00007ffde4068000 	C:\WINDOWS\System32\PSAPI.DLL
0x00007ffd3fde0000 - 0x00007ffd3fe07000 	C:\Users\mr123\.gradle\native\1def1411415f61bf3af743bc5b6707747c0891f09f0c88961ee8f79bc544acac\windows-amd64\native-platform.dll
0x00007ffde0320000 - 0x00007ffde032a000 	C:\Users\mr123\.gradle\native\jansi\1.18\windows64\jansi.dll
0x00007ffde1b20000 - 0x00007ffde1b53000 	C:\WINDOWS\SYSTEM32\IPHLPAPI.DLL
0x00007ffde4250000 - 0x00007ffde425a000 	C:\WINDOWS\System32\NSI.dll
0x00007ffd333b0000 - 0x00007ffd333b9000 	C:\Program Files\Eclipse Adoptium\jdk-21.0.7.6-hotspot\bin\extnet.dll
0x00007ffde2b60000 - 0x00007ffde2b7b000 	C:\WINDOWS\SYSTEM32\CRYPTSP.dll
0x00007ffde2070000 - 0x00007ffde20aa000 	C:\WINDOWS\system32\rsaenh.dll
0x00007ffde2700000 - 0x00007ffde272b000 	C:\WINDOWS\SYSTEM32\USERENV.dll
0x00007ffde3270000 - 0x00007ffde3296000 	C:\WINDOWS\SYSTEM32\bcrypt.dll
0x00007ffde28a0000 - 0x00007ffde28ac000 	C:\WINDOWS\SYSTEM32\CRYPTBASE.dll
0x00007ffd333a0000 - 0x00007ffd333ae000 	C:\Program Files\Eclipse Adoptium\jdk-21.0.7.6-hotspot\bin\sunmscapi.dll
0x00007ffde3a40000 - 0x00007ffde3bb7000 	C:\WINDOWS\System32\CRYPT32.dll
0x00007ffde2cb0000 - 0x00007ffde2ce0000 	C:\WINDOWS\SYSTEM32\ncrypt.dll
0x00007ffde2c60000 - 0x00007ffde2c9f000 	C:\WINDOWS\SYSTEM32\NTASN1.dll
0x00007ffdbb540000 - 0x00007ffdbb548000 	C:\WINDOWS\system32\wshunix.dll

dbghelp: loaded successfully - version: 4.0.5 - missing functions: none
symbol engine: initialized successfully - sym options: 0x614 - pdb path: .;C:\Program Files\Eclipse Adoptium\jdk-21.0.7.6-hotspot\bin;C:\WINDOWS\SYSTEM32;C:\WINDOWS\WinSxS\amd64_microsoft.windows.common-controls_6595b64144ccf1df_6.0.26100.4202_none_3e0698d4e335f517;C:\Program Files\Eclipse Adoptium\jdk-21.0.7.6-hotspot\bin\server;C:\Users\mr123\.gradle\native\1def1411415f61bf3af743bc5b6707747c0891f09f0c88961ee8f79bc544acac\windows-amd64;C:\Users\mr123\.gradle\native\jansi\1.18\windows64

VM Arguments:
jvm_args: -Xmx64m -Xms64m -javaagent:C:\Program Files\Tools\gradle-8.14/lib/agents/gradle-instrumentation-agent-8.14.jar -Dorg.gradle.appname=gradle 
java_command: C:\Program Files\Tools\gradle-8.14\lib\gradle-gradle-cli-main-8.14.jar bootRun
java_class_path (initial): C:\Program Files\Tools\gradle-8.14\lib\gradle-gradle-cli-main-8.14.jar
Launcher Type: SUN_STANDARD

[Global flags]
     intx CICompilerCount                          = 4                                         {product} {ergonomic}
     uint ConcGCThreads                            = 3                                         {product} {ergonomic}
     uint G1ConcRefinementThreads                  = 10                                        {product} {ergonomic}
   size_t G1HeapRegionSize                         = 1048576                                   {product} {ergonomic}
    uintx GCDrainStackTargetSize                   = 64                                        {product} {ergonomic}
   size_t InitialHeapSize                          = 67108864                                  {product} {command line}
   size_t MarkStackSize                            = 4194304                                   {product} {ergonomic}
   size_t MaxHeapSize                              = 67108864                                  {product} {command line}
   size_t MaxNewSize                               = 39845888                                  {product} {ergonomic}
   size_t MinHeapDeltaBytes                        = 1048576                                   {product} {ergonomic}
   size_t MinHeapSize                              = 67108864                                  {product} {command line}
    uintx NonNMethodCodeHeapSize                   = 5839372                                {pd product} {ergonomic}
    uintx NonProfiledCodeHeapSize                  = 122909434                              {pd product} {ergonomic}
    uintx ProfiledCodeHeapSize                     = 122909434                              {pd product} {ergonomic}
    uintx ReservedCodeCacheSize                    = 251658240                              {pd product} {ergonomic}
     bool SegmentedCodeCache                       = true                                      {product} {ergonomic}
   size_t SoftMaxHeapSize                          = 67108864                               {manageable} {ergonomic}
     bool UseCompressedOops                        = true                           {product lp64_product} {ergonomic}
     bool UseG1GC                                  = true                                      {product} {ergonomic}
     bool UseLargePagesIndividualAllocation        = false                                  {pd product} {ergonomic}

Logging:
Log output configuration:
 #0: stdout all=warning uptime,level,tags foldmultilines=false
 #1: stderr all=off uptime,level,tags foldmultilines=false

Environment Variables:
JAVA_HOME=C:\Program Files\Eclipse Adoptium\jdk-21.0.7.6-hotspot
PATH=C:\Program Files\Eclipse Adoptium\jdk-21.0.7.6-hotspot\bin;C:\WINDOWS\system32;C:\WINDOWS;C:\WINDOWS\System32\Wbem;C:\WINDOWS\System32\WindowsPowerShell\v1.0\;C:\WINDOWS\System32\OpenSSH\;C:\Program Files (x86)\NVIDIA Corporation\PhysX\Common;C:\Program Files\Tools\apache-maven-3.9.9\bin;C:\Program Files\Tools\gradle-8.14\bin;C:\Program Files\Docker\Docker\resources\bin;C:\Program Files\nodejs\;C:\Program Files\Scala\scala3-3.3.6\bin;C:\Program Files\dotnet\;C:\Program Files\Go\bin;C:\Program Files\Microsoft SQL Server\150\Tools\Binn\;C:\Program Files\Microsoft SQL Server\Client SDK\ODBC\170\Tools\Binn\;C:\Program Files (x86)\Windows Kits\10\Windows Performance Toolkit\;C:\Users\mr123\AppData\Local\Programs\Python\Python313\Scripts\;C:\Users\mr123\AppData\Local\Programs\Python\Python313\;C:\Users\mr123\AppData\Local\Microsoft\WindowsApps;C:\Users\mr123\AppData\Local\Programs\Microsoft VS Code\bin;C:\Program Files\JetBrains\IntelliJ IDEA Community Edition 2025.1\bin;;C:\Users\mr123\AppData\Roaming\npm;C:\Users\mr123\.bun\bin;C:\Users\mr123\.deno\bin;C:\Users\mr123\.dotnet\tools;C:\Users\mr123\go\bin
USERNAME=mr123
OS=Windows_NT
PROCESSOR_IDENTIFIER=AMD64 Family 23 Model 96 Stepping 1, AuthenticAMD
TMP=C:\Users\mr123\AppData\Local\Temp
TEMP=C:\Users\mr123\AppData\Local\Temp




Periodic native trim disabled

---------------  S Y S T E M  ---------------

OS:
 Windows 11 , 64 bit Build 26100 (10.0.26100.4202)
OS uptime: 0 days 13:43 hours
Hyper-V role detected

CPU: total 12 (initial active 12) (12 cores per cpu, 2 threads per core) family 23 model 96 stepping 1 microcode 0x8600109, cx8, cmov, fxsr, ht, mmx, 3dnowpref, sse, sse2, sse3, ssse3, sse4a, sse4.1, sse4.2, popcnt, lzcnt, tsc, tscinvbit, avx, avx2, aes, clmul, bmi1, bmi2, adx, sha, fma, vzeroupper, clflush, clflushopt, hv, rdtscp, rdpid, f16c
Processor Information for the first 12 processors :
  Max Mhz: 3701, Current Mhz: 3701, Mhz Limit: 3701

Memory: 4k page, system-wide physical 32637M (411M free)
TotalPageFile size 114912M (AvailPageFile size 0M)
current process WorkingSet (physical memory assigned to process): 54M, peak: 133M
current process commit charge ("private bytes"): 171M, peak: 197M

vm_info: OpenJDK 64-Bit Server VM (21.0.7+6-LTS) for windows-amd64 JRE (21.0.7+6-LTS), built on 2025-04-15T00:00:00Z by "admin" with MS VC++ 17.7 (VS2022)

END.
